{"/Users/justin.miller/private/matches/src/matches.gen.ts": {"path":"/Users/justin.miller/private/matches/src/matches.gen.ts","statementMap":{"0":{"start":{"line":1,"column":0},"end":{"line":1,"column":32}},"1":{"start":{"line":2,"column":0},"end":{"line":2,"column":60}},"2":{"start":{"line":4,"column":13},"end":{"line":12,"column":3}},"3":{"start":{"line":8,"column":6},"end":{"line":12,"column":1}},"4":{"start":{"line":13,"column":18},"end":{"line":15,"column":25}},"5":{"start":{"line":15,"column":19},"end":{"line":15,"column":24}},"6":{"start":{"line":16,"column":22},"end":{"line":18,"column":1}},"7":{"start":{"line":17,"column":2},"end":{"line":17,"column":42}},"8":{"start":{"line":19,"column":19},"end":{"line":21,"column":62}},"9":{"start":{"line":21,"column":12},"end":{"line":21,"column":61}},"10":{"start":{"line":22,"column":22},"end":{"line":24,"column":53}},"11":{"start":{"line":24,"column":12},"end":{"line":24,"column":52}},"12":{"start":{"line":25,"column":24},"end":{"line":29,"column":3}},"13":{"start":{"line":28,"column":4},"end":{"line":28,"column":73}},"14":{"start":{"line":30,"column":24},"end":{"line":32,"column":59}},"15":{"start":{"line":32,"column":12},"end":{"line":32,"column":58}},"16":{"start":{"line":33,"column":23},"end":{"line":35,"column":55}},"17":{"start":{"line":35,"column":12},"end":{"line":35,"column":54}},"18":{"start":{"line":36,"column":21},"end":{"line":38,"column":51}},"19":{"start":{"line":38,"column":12},"end":{"line":38,"column":50}},"20":{"start":{"line":39,"column":19},"end":{"line":39,"column":77}},"21":{"start":{"line":39,"column":42},"end":{"line":39,"column":76}},"22":{"start":{"line":40,"column":22},"end":{"line":42,"column":53}},"23":{"start":{"line":42,"column":12},"end":{"line":42,"column":52}},"24":{"start":{"line":43,"column":27},"end":{"line":53,"column":1}},"25":{"start":{"line":54,"column":23},"end":{"line":64,"column":1}},"26":{"start":{"line":55,"column":2},"end":{"line":63,"column":5}},"27":{"start":{"line":58,"column":6},"end":{"line":62,"column":7}},"28":{"start":{"line":60,"column":23},"end":{"line":60,"column":32}},"29":{"start":{"line":65,"column":18},"end":{"line":71,"column":1}},"30":{"start":{"line":66,"column":22},"end":{"line":66,"column":24}},"31":{"start":{"line":67,"column":2},"end":{"line":69,"column":3}},"32":{"start":{"line":68,"column":4},"end":{"line":68,"column":37}},"33":{"start":{"line":70,"column":2},"end":{"line":70,"column":16}},"34":{"start":{"line":72,"column":21},"end":{"line":81,"column":4}},"35":{"start":{"line":74,"column":15},"end":{"line":74,"column":27}},"36":{"start":{"line":76,"column":4},"end":{"line":80,"column":6}},"37":{"start":{"line":77,"column":41},"end":{"line":77,"column":59}},"38":{"start":{"line":78,"column":18},"end":{"line":78,"column":27}},"39":{"start":{"line":79,"column":42},"end":{"line":79,"column":48}},"40":{"start":{"line":82,"column":21},"end":{"line":117,"column":2}},"41":{"start":{"line":84,"column":43},"end":{"line":95,"column":3}},"42":{"start":{"line":90,"column":8},"end":{"line":90,"column":33}},"43":{"start":{"line":91,"column":8},"end":{"line":91,"column":19}},"44":{"start":{"line":96,"column":32},"end":{"line":105,"column":3}},"45":{"start":{"line":101,"column":6},"end":{"line":101,"column":31}},"46":{"start":{"line":102,"column":6},"end":{"line":102,"column":17}},"47":{"start":{"line":106,"column":23},"end":{"line":114,"column":5}},"48":{"start":{"line":109,"column":8},"end":{"line":109,"column":30}},"49":{"start":{"line":110,"column":8},"end":{"line":110,"column":19}},"50":{"start":{"line":116,"column":2},"end":{"line":116,"column":45}},"51":{"start":{"line":118,"column":28},"end":{"line":157,"column":4}},"52":{"start":{"line":124,"column":45},"end":{"line":135,"column":5}},"53":{"start":{"line":130,"column":10},"end":{"line":130,"column":35}},"54":{"start":{"line":131,"column":10},"end":{"line":131,"column":21}},"55":{"start":{"line":136,"column":34},"end":{"line":145,"column":5}},"56":{"start":{"line":141,"column":8},"end":{"line":141,"column":33}},"57":{"start":{"line":142,"column":8},"end":{"line":142,"column":19}},"58":{"start":{"line":146,"column":25},"end":{"line":154,"column":7}},"59":{"start":{"line":149,"column":10},"end":{"line":149,"column":32}},"60":{"start":{"line":150,"column":10},"end":{"line":150,"column":21}},"61":{"start":{"line":156,"column":4},"end":{"line":156,"column":47}},"62":{"start":{"line":158,"column":13},"end":{"line":164,"column":2}},"63":{"start":{"line":166,"column":13},"end":{"line":171,"column":3}},"64":{"start":{"line":168,"column":5},"end":{"line":170,"column":16}},"65":{"start":{"line":172,"column":13},"end":{"line":214,"column":3}},"66":{"start":{"line":173,"column":23},"end":{"line":173,"column":25}},"67":{"start":{"line":174,"column":22},"end":{"line":182,"column":3}},"68":{"start":{"line":177,"column":30},"end":{"line":177,"column":64}},"69":{"start":{"line":183,"column":2},"end":{"line":185,"column":3}},"70":{"start":{"line":184,"column":4},"end":{"line":184,"column":36}},"71":{"start":{"line":186,"column":27},"end":{"line":192,"column":3}},"72":{"start":{"line":188,"column":6},"end":{"line":188,"column":44}},"73":{"start":{"line":189,"column":6},"end":{"line":189,"column":17}},"74":{"start":{"line":193,"column":2},"end":{"line":213,"column":5}},"75":{"start":{"line":194,"column":4},"end":{"line":196,"column":5}},"76":{"start":{"line":195,"column":6},"end":{"line":195,"column":25}},"77":{"start":{"line":197,"column":4},"end":{"line":212,"column":6}},"78":{"start":{"line":201,"column":8},"end":{"line":207,"column":34}},"79":{"start":{"line":204,"column":14},"end":{"line":204,"column":49}},"80":{"start":{"line":204,"column":38},"end":{"line":204,"column":48}}},"fnMap":{"0":{"name":"(anonymous_0)","decl":{"start":{"line":4,"column":27},"end":{"line":5,"column":2}},"loc":{"start":{"line":8,"column":6},"end":{"line":12,"column":1}}},"1":{"name":"(anonymous_1)","decl":{"start":{"line":15,"column":7},"end":{"line":15,"column":8}},"loc":{"start":{"line":15,"column":19},"end":{"line":15,"column":24}}},"2":{"name":"(anonymous_2)","decl":{"start":{"line":16,"column":36},"end":{"line":16,"column":37}},"loc":{"start":{"line":17,"column":2},"end":{"line":17,"column":42}}},"3":{"name":"(anonymous_3)","decl":{"start":{"line":21,"column":7},"end":{"line":21,"column":8}},"loc":{"start":{"line":21,"column":12},"end":{"line":21,"column":61}}},"4":{"name":"(anonymous_4)","decl":{"start":{"line":24,"column":7},"end":{"line":24,"column":8}},"loc":{"start":{"line":24,"column":12},"end":{"line":24,"column":52}}},"5":{"name":"(anonymous_5)","decl":{"start":{"line":27,"column":7},"end":{"line":27,"column":8}},"loc":{"start":{"line":28,"column":4},"end":{"line":28,"column":73}}},"6":{"name":"(anonymous_6)","decl":{"start":{"line":31,"column":12},"end":{"line":31,"column":14}},"loc":{"start":{"line":31,"column":17},"end":{"line":31,"column":20}}},"7":{"name":"(anonymous_7)","decl":{"start":{"line":32,"column":7},"end":{"line":32,"column":8}},"loc":{"start":{"line":32,"column":12},"end":{"line":32,"column":58}}},"8":{"name":"(anonymous_8)","decl":{"start":{"line":35,"column":7},"end":{"line":35,"column":8}},"loc":{"start":{"line":35,"column":12},"end":{"line":35,"column":54}}},"9":{"name":"(anonymous_9)","decl":{"start":{"line":38,"column":7},"end":{"line":38,"column":8}},"loc":{"start":{"line":38,"column":12},"end":{"line":38,"column":50}}},"10":{"name":"(anonymous_10)","decl":{"start":{"line":39,"column":37},"end":{"line":39,"column":38}},"loc":{"start":{"line":39,"column":42},"end":{"line":39,"column":76}}},"11":{"name":"(anonymous_11)","decl":{"start":{"line":42,"column":7},"end":{"line":42,"column":8}},"loc":{"start":{"line":42,"column":12},"end":{"line":42,"column":52}}},"12":{"name":"(anonymous_12)","decl":{"start":{"line":54,"column":48},"end":{"line":54,"column":51}},"loc":{"start":{"line":55,"column":2},"end":{"line":63,"column":5}}},"13":{"name":"(anonymous_13)","decl":{"start":{"line":57,"column":9},"end":{"line":57,"column":13}},"loc":{"start":{"line":58,"column":6},"end":{"line":62,"column":7}}},"14":{"name":"(anonymous_14)","decl":{"start":{"line":60,"column":18},"end":{"line":60,"column":19}},"loc":{"start":{"line":60,"column":23},"end":{"line":60,"column":32}}},"15":{"name":"(anonymous_15)","decl":{"start":{"line":65,"column":18},"end":{"line":65,"column":22}},"loc":{"start":{"line":65,"column":64},"end":{"line":71,"column":1}}},"16":{"name":"(anonymous_16)","decl":{"start":{"line":74,"column":10},"end":{"line":74,"column":11}},"loc":{"start":{"line":74,"column":15},"end":{"line":74,"column":27}}},"17":{"name":"(anonymous_17)","decl":{"start":{"line":75,"column":7},"end":{"line":75,"column":8}},"loc":{"start":{"line":75,"column":12},"end":{"line":81,"column":3}}},"18":{"name":"(anonymous_18)","decl":{"start":{"line":77,"column":27},"end":{"line":77,"column":36}},"loc":{"start":{"line":77,"column":41},"end":{"line":77,"column":59}}},"19":{"name":"(anonymous_19)","decl":{"start":{"line":78,"column":13},"end":{"line":78,"column":14}},"loc":{"start":{"line":78,"column":18},"end":{"line":78,"column":27}}},"20":{"name":"(anonymous_20)","decl":{"start":{"line":79,"column":37},"end":{"line":79,"column":38}},"loc":{"start":{"line":79,"column":42},"end":{"line":79,"column":48}}},"21":{"name":"(anonymous_21)","decl":{"start":{"line":82,"column":72},"end":{"line":82,"column":73}},"loc":{"start":{"line":82,"column":76},"end":{"line":117,"column":1}}},"22":{"name":"(anonymous_22)","decl":{"start":{"line":86,"column":6},"end":{"line":87,"column":8}},"loc":{"start":{"line":89,"column":10},"end":{"line":92,"column":7}}},"23":{"name":"(anonymous_23)","decl":{"start":{"line":97,"column":4},"end":{"line":98,"column":6}},"loc":{"start":{"line":100,"column":8},"end":{"line":103,"column":5}}},"24":{"name":"(anonymous_24)","decl":{"start":{"line":108,"column":6},"end":{"line":108,"column":7}},"loc":{"start":{"line":108,"column":65},"end":{"line":111,"column":7}}},"25":{"name":"(anonymous_25)","decl":{"start":{"line":120,"column":7},"end":{"line":120,"column":8}},"loc":{"start":{"line":120,"column":11},"end":{"line":157,"column":3}}},"26":{"name":"(anonymous_26)","decl":{"start":{"line":126,"column":8},"end":{"line":127,"column":10}},"loc":{"start":{"line":129,"column":12},"end":{"line":132,"column":9}}},"27":{"name":"(anonymous_27)","decl":{"start":{"line":137,"column":6},"end":{"line":138,"column":8}},"loc":{"start":{"line":140,"column":10},"end":{"line":143,"column":7}}},"28":{"name":"(anonymous_28)","decl":{"start":{"line":148,"column":8},"end":{"line":148,"column":9}},"loc":{"start":{"line":148,"column":67},"end":{"line":151,"column":9}}},"29":{"name":"(anonymous_29)","decl":{"start":{"line":166,"column":36},"end":{"line":167,"column":2}},"loc":{"start":{"line":168,"column":5},"end":{"line":170,"column":16}}},"30":{"name":"(anonymous_30)","decl":{"start":{"line":172,"column":54},"end":{"line":172,"column":69}},"loc":{"start":{"line":172,"column":73},"end":{"line":214,"column":1}}},"31":{"name":"(anonymous_31)","decl":{"start":{"line":177,"column":14},"end":{"line":177,"column":15}},"loc":{"start":{"line":177,"column":30},"end":{"line":177,"column":64}}},"32":{"name":"(anonymous_32)","decl":{"start":{"line":187,"column":4},"end":{"line":187,"column":5}},"loc":{"start":{"line":187,"column":62},"end":{"line":190,"column":5}}},"33":{"name":"(anonymous_33)","decl":{"start":{"line":193,"column":45},"end":{"line":193,"column":62}},"loc":{"start":{"line":193,"column":66},"end":{"line":213,"column":3}}},"34":{"name":"(anonymous_34)","decl":{"start":{"line":200,"column":16},"end":{"line":200,"column":17}},"loc":{"start":{"line":201,"column":8},"end":{"line":207,"column":34}}},"35":{"name":"(anonymous_35)","decl":{"start":{"line":203,"column":12},"end":{"line":203,"column":13}},"loc":{"start":{"line":204,"column":14},"end":{"line":204,"column":49}}},"36":{"name":"(anonymous_36)","decl":{"start":{"line":204,"column":32},"end":{"line":204,"column":34}},"loc":{"start":{"line":204,"column":38},"end":{"line":204,"column":48}}}},"branchMap":{"0":{"loc":{"start":{"line":183,"column":2},"end":{"line":185,"column":3}},"type":"if","locations":[{"start":{"line":183,"column":2},"end":{"line":185,"column":3}},{"start":{"line":183,"column":2},"end":{"line":185,"column":3}}]},"1":{"loc":{"start":{"line":194,"column":4},"end":{"line":196,"column":5}},"type":"if","locations":[{"start":{"line":194,"column":4},"end":{"line":196,"column":5}},{"start":{"line":194,"column":4},"end":{"line":196,"column":5}}]}},"s":{"0":1,"1":1,"2":1,"3":4488,"4":1,"5":380,"6":1,"7":380,"8":1,"9":434,"10":1,"11":467,"12":1,"13":438,"14":1,"15":383,"16":1,"17":400,"18":1,"19":373,"20":1,"21":365,"22":1,"23":403,"24":1,"25":1,"26":219,"27":219,"28":1054,"29":1,"30":0,"31":0,"32":0,"33":0,"34":1,"35":205,"36":190,"37":1033,"38":1033,"39":1033,"40":1,"41":203,"42":1022,"43":1022,"44":203,"45":1022,"46":1022,"47":203,"48":1022,"49":1022,"50":203,"51":1,"52":233,"53":1118,"54":1118,"55":233,"56":1118,"57":1118,"58":233,"59":1118,"60":1118,"61":233,"62":1,"63":1,"64":866,"65":1,"66":200,"67":200,"68":44,"69":200,"70":16,"71":184,"72":866,"73":866,"74":184,"75":184,"76":28,"77":156,"78":156,"79":764,"80":156},"f":{"0":4488,"1":380,"2":380,"3":434,"4":467,"5":438,"6":0,"7":383,"8":400,"9":373,"10":365,"11":403,"12":219,"13":219,"14":1054,"15":0,"16":205,"17":190,"18":1033,"19":1033,"20":1033,"21":203,"22":1022,"23":1022,"24":1022,"25":233,"26":1118,"27":1118,"28":1118,"29":866,"30":200,"31":44,"32":866,"33":184,"34":156,"35":764,"36":156},"b":{"0":[16,184],"1":[28,156]}}
,"/Users/justin.miller/private/matches/src/matches.ts": {"path":"/Users/justin.miller/private/matches/src/matches.ts","statementMap":{"0":{"start":{"line":1,"column":0},"end":{"line":1,"column":54}},"1":{"start":{"line":3,"column":17},"end":{"line":5,"column":56}},"2":{"start":{"line":4,"column":2},"end":{"line":5,"column":56}},"3":{"start":{"line":6,"column":23},"end":{"line":6,"column":77}},"4":{"start":{"line":6,"column":54},"end":{"line":6,"column":77}},"5":{"start":{"line":7,"column":17},"end":{"line":7,"column":67}},"6":{"start":{"line":7,"column":46},"end":{"line":7,"column":67}},"7":{"start":{"line":25,"column":22},"end":{"line":33,"column":3}},"8":{"start":{"line":26,"column":20},"end":{"line":26,"column":38}},"9":{"start":{"line":27,"column":4},"end":{"line":32,"column":6}},"10":{"start":{"line":29,"column":8},"end":{"line":29,"column":60}},"11":{"start":{"line":31,"column":11},"end":{"line":31,"column":12}},"12":{"start":{"line":34,"column":2},"end":{"line":34,"column":21}},"13":{"start":{"line":24,"column":0},"end":{"line":35,"column":1}},"14":{"start":{"line":55,"column":45},"end":{"line":61,"column":5}},"15":{"start":{"line":56,"column":4},"end":{"line":61,"column":5}},"16":{"start":{"line":58,"column":8},"end":{"line":60,"column":68}},"17":{"start":{"line":62,"column":2},"end":{"line":62,"column":41}},"18":{"start":{"line":50,"column":0},"end":{"line":63,"column":1}},"19":{"start":{"line":68,"column":2},"end":{"line":73,"column":5}},"20":{"start":{"line":71,"column":6},"end":{"line":71,"column":63}},"21":{"start":{"line":80,"column":2},"end":{"line":104,"column":4}},"22":{"start":{"line":86,"column":18},"end":{"line":86,"column":37}},"23":{"start":{"line":87,"column":24},"end":{"line":87,"column":38}},"24":{"start":{"line":88,"column":6},"end":{"line":100,"column":7}},"25":{"start":{"line":90,"column":8},"end":{"line":97,"column":10}},"26":{"start":{"line":92,"column":12},"end":{"line":92,"column":52}},"27":{"start":{"line":95,"column":12},"end":{"line":95,"column":36}},"28":{"start":{"line":99,"column":8},"end":{"line":99,"column":30}},"29":{"start":{"line":101,"column":6},"end":{"line":101,"column":17}},"30":{"start":{"line":131,"column":46},"end":{"line":134,"column":60}},"31":{"start":{"line":132,"column":4},"end":{"line":134,"column":60}},"32":{"start":{"line":136,"column":2},"end":{"line":136,"column":36}},"33":{"start":{"line":127,"column":0},"end":{"line":137,"column":1}},"34":{"start":{"line":139,"column":13},"end":{"line":139,"column":44}},"35":{"start":{"line":139,"column":31},"end":{"line":139,"column":35}},"36":{"start":{"line":144,"column":2},"end":{"line":147,"column":4}},"37":{"start":{"line":145,"column":19},"end":{"line":145,"column":39}},"38":{"start":{"line":141,"column":0},"end":{"line":148,"column":1}},"39":{"start":{"line":150,"column":13},"end":{"line":153,"column":2}},"40":{"start":{"line":151,"column":22},"end":{"line":151,"column":41}},"41":{"start":{"line":155,"column":13},"end":{"line":155,"column":38}},"42":{"start":{"line":157,"column":13},"end":{"line":159,"column":2}},"43":{"start":{"line":158,"column":17},"end":{"line":158,"column":46}},"44":{"start":{"line":162,"column":13},"end":{"line":165,"column":2}},"45":{"start":{"line":163,"column":49},"end":{"line":163,"column":66}},"46":{"start":{"line":167,"column":13},"end":{"line":170,"column":2}},"47":{"start":{"line":168,"column":23},"end":{"line":168,"column":48}},"48":{"start":{"line":172,"column":13},"end":{"line":172,"column":46}},"49":{"start":{"line":174,"column":13},"end":{"line":174,"column":64}},"50":{"start":{"line":176,"column":17},"end":{"line":176,"column":67}},"51":{"start":{"line":176,"column":46},"end":{"line":176,"column":67}},"52":{"start":{"line":177,"column":13},"end":{"line":177,"column":79}},"53":{"start":{"line":177,"column":56},"end":{"line":177,"column":67}},"54":{"start":{"line":205,"column":46},"end":{"line":222,"column":3}},"55":{"start":{"line":206,"column":29},"end":{"line":206,"column":31}},"56":{"start":{"line":207,"column":4},"end":{"line":220,"column":5}},"57":{"start":{"line":209,"column":23},"end":{"line":209,"column":36}},"58":{"start":{"line":210,"column":8},"end":{"line":212,"column":9}},"59":{"start":{"line":211,"column":10},"end":{"line":211,"column":22}},"60":{"start":{"line":213,"column":8},"end":{"line":215,"column":9}},"61":{"start":{"line":214,"column":10},"end":{"line":214,"column":36}},"62":{"start":{"line":216,"column":8},"end":{"line":216,"column":21}},"63":{"start":{"line":219,"column":6},"end":{"line":219,"column":26}},"64":{"start":{"line":221,"column":4},"end":{"line":221,"column":51}},"65":{"start":{"line":223,"column":2},"end":{"line":223,"column":36}},"66":{"start":{"line":204,"column":0},"end":{"line":224,"column":1}},"67":{"start":{"line":250,"column":53},"end":{"line":267,"column":3}},"68":{"start":{"line":251,"column":29},"end":{"line":251,"column":31}},"69":{"start":{"line":252,"column":4},"end":{"line":265,"column":5}},"70":{"start":{"line":254,"column":23},"end":{"line":254,"column":36}},"71":{"start":{"line":255,"column":8},"end":{"line":257,"column":9}},"72":{"start":{"line":256,"column":10},"end":{"line":256,"column":22}},"73":{"start":{"line":258,"column":8},"end":{"line":260,"column":9}},"74":{"start":{"line":259,"column":10},"end":{"line":259,"column":36}},"75":{"start":{"line":261,"column":8},"end":{"line":261,"column":21}},"76":{"start":{"line":264,"column":6},"end":{"line":264,"column":26}},"77":{"start":{"line":266,"column":4},"end":{"line":266,"column":52}},"78":{"start":{"line":268,"column":2},"end":{"line":268,"column":43}},"79":{"start":{"line":249,"column":0},"end":{"line":269,"column":1}},"80":{"start":{"line":270,"column":13},"end":{"line":291,"column":2}},"81":{"start":{"line":273,"column":51},"end":{"line":289,"column":3}},"82":{"start":{"line":274,"column":4},"end":{"line":276,"column":5}},"83":{"start":{"line":275,"column":6},"end":{"line":275,"column":59}},"84":{"start":{"line":277,"column":25},"end":{"line":277,"column":53}},"85":{"start":{"line":278,"column":4},"end":{"line":280,"column":5}},"86":{"start":{"line":279,"column":6},"end":{"line":279,"column":26}},"87":{"start":{"line":281,"column":4},"end":{"line":283,"column":5}},"88":{"start":{"line":282,"column":6},"end":{"line":282,"column":26}},"89":{"start":{"line":284,"column":4},"end":{"line":288,"column":6}},"90":{"start":{"line":286,"column":26},"end":{"line":286,"column":47}},"91":{"start":{"line":290,"column":2},"end":{"line":290,"column":38}},"92":{"start":{"line":296,"column":13},"end":{"line":298,"column":64}},"93":{"start":{"line":298,"column":28},"end":{"line":298,"column":63}},"94":{"start":{"line":304,"column":13},"end":{"line":325,"column":2}},"95":{"start":{"line":307,"column":40},"end":{"line":323,"column":3}},"96":{"start":{"line":308,"column":4},"end":{"line":310,"column":5}},"97":{"start":{"line":309,"column":6},"end":{"line":309,"column":59}},"98":{"start":{"line":311,"column":25},"end":{"line":311,"column":53}},"99":{"start":{"line":312,"column":4},"end":{"line":318,"column":5}},"100":{"start":{"line":313,"column":6},"end":{"line":317,"column":8}},"101":{"start":{"line":315,"column":33},"end":{"line":315,"column":54}},"102":{"start":{"line":319,"column":4},"end":{"line":321,"column":5}},"103":{"start":{"line":320,"column":6},"end":{"line":320,"column":65}},"104":{"start":{"line":322,"column":4},"end":{"line":322,"column":29}},"105":{"start":{"line":324,"column":2},"end":{"line":324,"column":36}},"106":{"start":{"line":331,"column":51},"end":{"line":332,"column":67}},"107":{"start":{"line":332,"column":4},"end":{"line":332,"column":67}},"108":{"start":{"line":332,"column":41},"end":{"line":332,"column":66}},"109":{"start":{"line":333,"column":2},"end":{"line":333,"column":47}},"110":{"start":{"line":327,"column":0},"end":{"line":334,"column":1}},"111":{"start":{"line":336,"column":13},"end":{"line":338,"column":53}},"112":{"start":{"line":338,"column":19},"end":{"line":338,"column":52}},"113":{"start":{"line":351,"column":2},"end":{"line":354,"column":4}},"114":{"start":{"line":350,"column":0},"end":{"line":355,"column":1}},"115":{"start":{"line":362,"column":2},"end":{"line":379,"column":4}},"116":{"start":{"line":363,"column":4},"end":{"line":378,"column":8}},"117":{"start":{"line":364,"column":16},"end":{"line":364,"column":29}},"118":{"start":{"line":366,"column":22},"end":{"line":369,"column":38}},"119":{"start":{"line":368,"column":54},"end":{"line":368,"column":60}},"120":{"start":{"line":369,"column":27},"end":{"line":369,"column":37}},"121":{"start":{"line":370,"column":8},"end":{"line":376,"column":9}},"122":{"start":{"line":371,"column":10},"end":{"line":375,"column":12}},"123":{"start":{"line":373,"column":38},"end":{"line":373,"column":66}},"124":{"start":{"line":377,"column":8},"end":{"line":377,"column":35}},"125":{"start":{"line":361,"column":0},"end":{"line":380,"column":1}},"126":{"start":{"line":391,"column":22},"end":{"line":391,"column":40}},"127":{"start":{"line":396,"column":4},"end":{"line":396,"column":45}},"128":{"start":{"line":399,"column":4},"end":{"line":399,"column":22}},"129":{"start":{"line":402,"column":4},"end":{"line":402,"column":22}},"130":{"start":{"line":408,"column":22},"end":{"line":408,"column":32}},"131":{"start":{"line":414,"column":24},"end":{"line":414,"column":45}},"132":{"start":{"line":415,"column":4},"end":{"line":419,"column":5}},"133":{"start":{"line":416,"column":6},"end":{"line":418,"column":37}},"134":{"start":{"line":420,"column":4},"end":{"line":420,"column":45}},"135":{"start":{"line":424,"column":4},"end":{"line":424,"column":17}},"136":{"start":{"line":428,"column":4},"end":{"line":428,"column":22}},"137":{"start":{"line":442,"column":13},"end":{"line":465,"column":2}},"138":{"start":{"line":444,"column":4},"end":{"line":444,"column":40}},"139":{"start":{"line":466,"column":0},"end":{"line":466,"column":23}}},"fnMap":{"0":{"name":"(anonymous_0)","decl":{"start":{"line":3,"column":17},"end":{"line":3,"column":18}},"loc":{"start":{"line":4,"column":2},"end":{"line":5,"column":56}}},"1":{"name":"(anonymous_1)","decl":{"start":{"line":6,"column":23},"end":{"line":6,"column":24}},"loc":{"start":{"line":6,"column":54},"end":{"line":6,"column":77}}},"2":{"name":"(anonymous_2)","decl":{"start":{"line":7,"column":17},"end":{"line":7,"column":18}},"loc":{"start":{"line":7,"column":46},"end":{"line":7,"column":67}}},"3":{"name":"unsafeMatchThrow","decl":{"start":{"line":24,"column":16},"end":{"line":24,"column":32}},"loc":{"start":{"line":24,"column":63},"end":{"line":35,"column":1}}},"4":{"name":"(anonymous_4)","decl":{"start":{"line":25,"column":22},"end":{"line":25,"column":23}},"loc":{"start":{"line":25,"column":44},"end":{"line":33,"column":3}}},"5":{"name":"(anonymous_5)","decl":{"start":{"line":28,"column":6},"end":{"line":28,"column":10}},"loc":{"start":{"line":28,"column":14},"end":{"line":30,"column":7}}},"6":{"name":"(anonymous_6)","decl":{"start":{"line":31,"column":6},"end":{"line":31,"column":7}},"loc":{"start":{"line":31,"column":11},"end":{"line":31,"column":12}}},"7":{"name":"refinementMatch","decl":{"start":{"line":50,"column":16},"end":{"line":50,"column":31}},"loc":{"start":{"line":53,"column":30},"end":{"line":63,"column":1}}},"8":{"name":"(anonymous_8)","decl":{"start":{"line":55,"column":45},"end":{"line":55,"column":46}},"loc":{"start":{"line":56,"column":4},"end":{"line":61,"column":5}}},"9":{"name":"(anonymous_9)","decl":{"start":{"line":57,"column":6},"end":{"line":57,"column":11}},"loc":{"start":{"line":58,"column":8},"end":{"line":60,"column":68}}},"10":{"name":"toValidator","decl":{"start":{"line":65,"column":9},"end":{"line":65,"column":20}},"loc":{"start":{"line":66,"column":49},"end":{"line":74,"column":1}}},"11":{"name":"shapeMatch","decl":{"start":{"line":76,"column":9},"end":{"line":76,"column":19}},"loc":{"start":{"line":78,"column":19},"end":{"line":105,"column":1}}},"12":{"name":"(anonymous_12)","decl":{"start":{"line":85,"column":4},"end":{"line":85,"column":5}},"loc":{"start":{"line":85,"column":19},"end":{"line":102,"column":5}}},"13":{"name":"(anonymous_13)","decl":{"start":{"line":91,"column":10},"end":{"line":91,"column":14}},"loc":{"start":{"line":91,"column":18},"end":{"line":93,"column":11}}},"14":{"name":"(anonymous_14)","decl":{"start":{"line":94,"column":10},"end":{"line":94,"column":12}},"loc":{"start":{"line":94,"column":15},"end":{"line":96,"column":11}}},"15":{"name":"guard","decl":{"start":{"line":127,"column":16},"end":{"line":127,"column":21}},"loc":{"start":{"line":129,"column":42},"end":{"line":137,"column":1}}},"16":{"name":"(anonymous_16)","decl":{"start":{"line":131,"column":46},"end":{"line":131,"column":47}},"loc":{"start":{"line":132,"column":4},"end":{"line":134,"column":60}}},"17":{"name":"(anonymous_17)","decl":{"start":{"line":139,"column":25},"end":{"line":139,"column":27}},"loc":{"start":{"line":139,"column":31},"end":{"line":139,"column":35}}},"18":{"name":"literal","decl":{"start":{"line":141,"column":16},"end":{"line":141,"column":23}},"loc":{"start":{"line":142,"column":19},"end":{"line":148,"column":1}}},"19":{"name":"(anonymous_19)","decl":{"start":{"line":145,"column":4},"end":{"line":145,"column":5}},"loc":{"start":{"line":145,"column":19},"end":{"line":145,"column":39}}},"20":{"name":"(anonymous_20)","decl":{"start":{"line":151,"column":2},"end":{"line":151,"column":3}},"loc":{"start":{"line":151,"column":22},"end":{"line":151,"column":41}}},"21":{"name":"(anonymous_21)","decl":{"start":{"line":158,"column":2},"end":{"line":158,"column":3}},"loc":{"start":{"line":158,"column":17},"end":{"line":158,"column":46}}},"22":{"name":"(anonymous_22)","decl":{"start":{"line":163,"column":2},"end":{"line":163,"column":3}},"loc":{"start":{"line":163,"column":49},"end":{"line":163,"column":66}}},"23":{"name":"(anonymous_23)","decl":{"start":{"line":168,"column":2},"end":{"line":168,"column":3}},"loc":{"start":{"line":168,"column":23},"end":{"line":168,"column":48}}},"24":{"name":"(anonymous_24)","decl":{"start":{"line":176,"column":17},"end":{"line":176,"column":18}},"loc":{"start":{"line":176,"column":46},"end":{"line":176,"column":67}}},"25":{"name":"(anonymous_25)","decl":{"start":{"line":177,"column":36},"end":{"line":177,"column":37}},"loc":{"start":{"line":177,"column":56},"end":{"line":177,"column":67}}},"26":{"name":"some","decl":{"start":{"line":204,"column":16},"end":{"line":204,"column":20}},"loc":{"start":{"line":204,"column":50},"end":{"line":224,"column":1}}},"27":{"name":"(anonymous_27)","decl":{"start":{"line":205,"column":46},"end":{"line":205,"column":50}},"loc":{"start":{"line":205,"column":54},"end":{"line":222,"column":3}}},"28":{"name":"(anonymous_28)","decl":{"start":{"line":208,"column":16},"end":{"line":208,"column":21}},"loc":{"start":{"line":208,"column":25},"end":{"line":217,"column":7}}},"29":{"name":"every","decl":{"start":{"line":249,"column":16},"end":{"line":249,"column":21}},"loc":{"start":{"line":249,"column":51},"end":{"line":269,"column":1}}},"30":{"name":"(anonymous_30)","decl":{"start":{"line":250,"column":53},"end":{"line":250,"column":57}},"loc":{"start":{"line":250,"column":61},"end":{"line":267,"column":3}}},"31":{"name":"(anonymous_31)","decl":{"start":{"line":253,"column":17},"end":{"line":253,"column":22}},"loc":{"start":{"line":253,"column":26},"end":{"line":262,"column":7}}},"32":{"name":"(anonymous_32)","decl":{"start":{"line":270,"column":25},"end":{"line":271,"column":2}},"loc":{"start":{"line":272,"column":27},"end":{"line":291,"column":1}}},"33":{"name":"(anonymous_33)","decl":{"start":{"line":273,"column":51},"end":{"line":273,"column":55}},"loc":{"start":{"line":273,"column":59},"end":{"line":289,"column":3}}},"34":{"name":"(anonymous_34)","decl":{"start":{"line":286,"column":8},"end":{"line":286,"column":9}},"loc":{"start":{"line":286,"column":26},"end":{"line":286,"column":47}}},"35":{"name":"(anonymous_35)","decl":{"start":{"line":296,"column":23},"end":{"line":297,"column":2}},"loc":{"start":{"line":298,"column":28},"end":{"line":298,"column":63}}},"36":{"name":"(anonymous_36)","decl":{"start":{"line":304,"column":23},"end":{"line":305,"column":2}},"loc":{"start":{"line":306,"column":4},"end":{"line":325,"column":1}}},"37":{"name":"(anonymous_37)","decl":{"start":{"line":307,"column":40},"end":{"line":307,"column":44}},"loc":{"start":{"line":307,"column":48},"end":{"line":323,"column":3}}},"38":{"name":"(anonymous_38)","decl":{"start":{"line":315,"column":15},"end":{"line":315,"column":16}},"loc":{"start":{"line":315,"column":33},"end":{"line":315,"column":54}}},"39":{"name":"refinementMatchEither","decl":{"start":{"line":327,"column":16},"end":{"line":327,"column":37}},"loc":{"start":{"line":329,"column":35},"end":{"line":334,"column":1}}},"40":{"name":"(anonymous_40)","decl":{"start":{"line":331,"column":51},"end":{"line":331,"column":52}},"loc":{"start":{"line":332,"column":4},"end":{"line":332,"column":67}}},"41":{"name":"(anonymous_41)","decl":{"start":{"line":332,"column":31},"end":{"line":332,"column":36}},"loc":{"start":{"line":332,"column":41},"end":{"line":332,"column":66}}},"42":{"name":"(anonymous_42)","decl":{"start":{"line":336,"column":21},"end":{"line":337,"column":2}},"loc":{"start":{"line":338,"column":19},"end":{"line":338,"column":52}}},"43":{"name":"tuple","decl":{"start":{"line":350,"column":16},"end":{"line":350,"column":21}},"loc":{"start":{"line":350,"column":63},"end":{"line":355,"column":1}}},"44":{"name":"arrayOf","decl":{"start":{"line":361,"column":16},"end":{"line":361,"column":23}},"loc":{"start":{"line":361,"column":50},"end":{"line":380,"column":1}}},"45":{"name":"(anonymous_45)","decl":{"start":{"line":362,"column":21},"end":{"line":362,"column":25}},"loc":{"start":{"line":363,"column":4},"end":{"line":378,"column":8}}},"46":{"name":"(anonymous_46)","decl":{"start":{"line":364,"column":11},"end":{"line":364,"column":12}},"loc":{"start":{"line":364,"column":16},"end":{"line":364,"column":29}}},"47":{"name":"(anonymous_47)","decl":{"start":{"line":365,"column":13},"end":{"line":365,"column":24}},"loc":{"start":{"line":365,"column":28},"end":{"line":378,"column":7}}},"48":{"name":"(anonymous_48)","decl":{"start":{"line":368,"column":15},"end":{"line":368,"column":16}},"loc":{"start":{"line":368,"column":54},"end":{"line":368,"column":60}}},"49":{"name":"(anonymous_49)","decl":{"start":{"line":369,"column":18},"end":{"line":369,"column":19}},"loc":{"start":{"line":369,"column":27},"end":{"line":369,"column":37}}},"50":{"name":"(anonymous_50)","decl":{"start":{"line":373,"column":19},"end":{"line":373,"column":20}},"loc":{"start":{"line":373,"column":38},"end":{"line":373,"column":66}}},"51":{"name":"(anonymous_51)","decl":{"start":{"line":391,"column":2},"end":{"line":391,"column":21}},"loc":{"start":{"line":391,"column":40},"end":{"line":391,"column":44}}},"52":{"name":"(anonymous_52)","decl":{"start":{"line":392,"column":2},"end":{"line":392,"column":5}},"loc":{"start":{"line":394,"column":33},"end":{"line":397,"column":3}}},"53":{"name":"(anonymous_53)","decl":{"start":{"line":398,"column":2},"end":{"line":398,"column":10}},"loc":{"start":{"line":398,"column":37},"end":{"line":400,"column":3}}},"54":{"name":"(anonymous_54)","decl":{"start":{"line":401,"column":2},"end":{"line":401,"column":14}},"loc":{"start":{"line":401,"column":43},"end":{"line":403,"column":3}}},"55":{"name":"(anonymous_55)","decl":{"start":{"line":408,"column":2},"end":{"line":408,"column":21}},"loc":{"start":{"line":408,"column":32},"end":{"line":408,"column":36}}},"56":{"name":"(anonymous_56)","decl":{"start":{"line":410,"column":2},"end":{"line":410,"column":5}},"loc":{"start":{"line":412,"column":33},"end":{"line":421,"column":3}}},"57":{"name":"(anonymous_57)","decl":{"start":{"line":423,"column":2},"end":{"line":423,"column":10}},"loc":{"start":{"line":423,"column":30},"end":{"line":425,"column":3}}},"58":{"name":"(anonymous_58)","decl":{"start":{"line":427,"column":2},"end":{"line":427,"column":14}},"loc":{"start":{"line":427,"column":43},"end":{"line":429,"column":3}}},"59":{"name":"matchesFn","decl":{"start":{"line":443,"column":11},"end":{"line":443,"column":20}},"loc":{"start":{"line":443,"column":43},"end":{"line":445,"column":3}}}},"branchMap":{"0":{"loc":{"start":{"line":4,"column":2},"end":{"line":4,"column":57}},"type":"binary-expr","locations":[{"start":{"line":4,"column":2},"end":{"line":4,"column":57}},{"start":{"line":5,"column":2},"end":{"line":5,"column":56}}]},"1":{"loc":{"start":{"line":53,"column":16},"end":{"line":53,"column":30}},"type":"default-arg","locations":[{"start":{"line":53,"column":16},"end":{"line":53,"column":30}}]},"2":{"loc":{"start":{"line":59,"column":12},"end":{"line":59,"column":25}},"type":"cond-expr","locations":[{"start":{"line":59,"column":12},"end":{"line":59,"column":25}},{"start":{"line":60,"column":12},"end":{"line":60,"column":68}}]},"3":{"loc":{"start":{"line":70,"column":59},"end":{"line":70,"column":73}},"type":"default-arg","locations":[{"start":{"line":70,"column":59},"end":{"line":70,"column":73}}]},"4":{"loc":{"start":{"line":88,"column":6},"end":{"line":100,"column":7}},"type":"if","locations":[{"start":{"line":88,"column":6},"end":{"line":100,"column":7}},{"start":{"line":88,"column":6},"end":{"line":100,"column":7}}]},"5":{"loc":{"start":{"line":129,"column":21},"end":{"line":129,"column":42}},"type":"default-arg","locations":[{"start":{"line":129,"column":21},"end":{"line":129,"column":42}}]},"6":{"loc":{"start":{"line":129,"column":21},"end":{"line":129,"column":32}},"type":"binary-expr","locations":[{"start":{"line":129,"column":21},"end":{"line":129,"column":32}},{"start":{"line":129,"column":36},"end":{"line":129,"column":42}}]},"7":{"loc":{"start":{"line":133,"column":8},"end":{"line":133,"column":20}},"type":"cond-expr","locations":[{"start":{"line":133,"column":8},"end":{"line":133,"column":20}},{"start":{"line":134,"column":8},"end":{"line":134,"column":60}}]},"8":{"loc":{"start":{"line":158,"column":17},"end":{"line":158,"column":23}},"type":"binary-expr","locations":[{"start":{"line":158,"column":17},"end":{"line":158,"column":23}},{"start":{"line":158,"column":27},"end":{"line":158,"column":46}}]},"9":{"loc":{"start":{"line":168,"column":23},"end":{"line":168,"column":33}},"type":"binary-expr","locations":[{"start":{"line":168,"column":23},"end":{"line":168,"column":33}},{"start":{"line":168,"column":37},"end":{"line":168,"column":48}}]},"10":{"loc":{"start":{"line":207,"column":4},"end":{"line":220,"column":5}},"type":"if","locations":[{"start":{"line":207,"column":4},"end":{"line":220,"column":5}},{"start":{"line":207,"column":4},"end":{"line":220,"column":5}}]},"11":{"loc":{"start":{"line":210,"column":8},"end":{"line":212,"column":9}},"type":"if","locations":[{"start":{"line":210,"column":8},"end":{"line":212,"column":9}},{"start":{"line":210,"column":8},"end":{"line":212,"column":9}}]},"12":{"loc":{"start":{"line":213,"column":8},"end":{"line":215,"column":9}},"type":"if","locations":[{"start":{"line":213,"column":8},"end":{"line":215,"column":9}},{"start":{"line":213,"column":8},"end":{"line":215,"column":9}}]},"13":{"loc":{"start":{"line":252,"column":4},"end":{"line":265,"column":5}},"type":"if","locations":[{"start":{"line":252,"column":4},"end":{"line":265,"column":5}},{"start":{"line":252,"column":4},"end":{"line":265,"column":5}}]},"14":{"loc":{"start":{"line":255,"column":8},"end":{"line":257,"column":9}},"type":"if","locations":[{"start":{"line":255,"column":8},"end":{"line":257,"column":9}},{"start":{"line":255,"column":8},"end":{"line":257,"column":9}}]},"15":{"loc":{"start":{"line":258,"column":8},"end":{"line":260,"column":9}},"type":"if","locations":[{"start":{"line":258,"column":8},"end":{"line":260,"column":9}},{"start":{"line":258,"column":8},"end":{"line":260,"column":9}}]},"16":{"loc":{"start":{"line":274,"column":4},"end":{"line":276,"column":5}},"type":"if","locations":[{"start":{"line":274,"column":4},"end":{"line":276,"column":5}},{"start":{"line":274,"column":4},"end":{"line":276,"column":5}}]},"17":{"loc":{"start":{"line":278,"column":4},"end":{"line":280,"column":5}},"type":"if","locations":[{"start":{"line":278,"column":4},"end":{"line":280,"column":5}},{"start":{"line":278,"column":4},"end":{"line":280,"column":5}}]},"18":{"loc":{"start":{"line":281,"column":4},"end":{"line":283,"column":5}},"type":"if","locations":[{"start":{"line":281,"column":4},"end":{"line":283,"column":5}},{"start":{"line":281,"column":4},"end":{"line":283,"column":5}}]},"19":{"loc":{"start":{"line":308,"column":4},"end":{"line":310,"column":5}},"type":"if","locations":[{"start":{"line":308,"column":4},"end":{"line":310,"column":5}},{"start":{"line":308,"column":4},"end":{"line":310,"column":5}}]},"20":{"loc":{"start":{"line":312,"column":4},"end":{"line":318,"column":5}},"type":"if","locations":[{"start":{"line":312,"column":4},"end":{"line":318,"column":5}},{"start":{"line":312,"column":4},"end":{"line":318,"column":5}}]},"21":{"loc":{"start":{"line":319,"column":4},"end":{"line":321,"column":5}},"type":"if","locations":[{"start":{"line":319,"column":4},"end":{"line":321,"column":5}},{"start":{"line":319,"column":4},"end":{"line":321,"column":5}}]},"22":{"loc":{"start":{"line":370,"column":8},"end":{"line":376,"column":9}},"type":"if","locations":[{"start":{"line":370,"column":8},"end":{"line":376,"column":9}},{"start":{"line":370,"column":8},"end":{"line":376,"column":9}}]},"23":{"loc":{"start":{"line":415,"column":4},"end":{"line":419,"column":5}},"type":"if","locations":[{"start":{"line":415,"column":4},"end":{"line":419,"column":5}},{"start":{"line":415,"column":4},"end":{"line":419,"column":5}}]}},"s":{"0":1,"1":1,"2":562,"3":1,"4":85,"5":1,"6":229,"7":2141,"8":100,"9":100,"10":0,"11":100,"12":2141,"13":1,"14":2,"15":120,"16":107,"17":2,"18":1,"19":2141,"20":2,"21":238,"22":1099,"23":1099,"24":1099,"25":718,"26":73,"27":645,"28":381,"29":1099,"30":648,"31":1479,"32":648,"33":1,"34":1,"35":99,"36":638,"37":183,"38":1,"39":1,"40":2,"41":1,"42":1,"43":106,"44":1,"45":85,"46":1,"47":138,"48":1,"49":1,"50":1,"51":129,"52":1,"53":129,"54":2,"55":2,"56":2,"57":3,"58":3,"59":1,"60":2,"61":2,"62":2,"63":1,"64":1,"65":2,"66":1,"67":636,"68":299,"69":299,"70":539,"71":539,"72":424,"73":115,"74":115,"75":115,"76":184,"77":115,"78":636,"79":1,"80":1,"81":234,"82":92,"83":0,"84":92,"85":92,"86":38,"87":54,"88":52,"89":2,"90":2,"91":234,"92":1,"93":234,"94":1,"95":400,"96":146,"97":0,"98":146,"99":146,"100":25,"101":71,"102":121,"103":28,"104":93,"105":400,"106":0,"107":0,"108":0,"109":0,"110":1,"111":1,"112":208,"113":192,"114":1,"115":219,"116":89,"117":61,"118":61,"119":249,"120":249,"121":61,"122":17,"123":75,"124":44,"125":1,"126":158,"127":487,"128":158,"129":0,"130":204,"131":281,"132":281,"133":158,"134":123,"135":46,"136":0,"137":1,"138":204,"139":1},"f":{"0":562,"1":85,"2":229,"3":2141,"4":100,"5":0,"6":100,"7":2,"8":120,"9":107,"10":2141,"11":238,"12":1099,"13":73,"14":645,"15":648,"16":1479,"17":99,"18":638,"19":183,"20":2,"21":106,"22":85,"23":138,"24":129,"25":129,"26":2,"27":2,"28":3,"29":636,"30":299,"31":539,"32":234,"33":92,"34":2,"35":234,"36":400,"37":146,"38":71,"39":0,"40":0,"41":0,"42":208,"43":192,"44":219,"45":89,"46":61,"47":61,"48":249,"49":249,"50":75,"51":158,"52":487,"53":158,"54":0,"55":204,"56":281,"57":46,"58":0,"59":204},"b":{"0":[562,216],"1":[0],"2":[101,6],"3":[1],"4":[718,381],"5":[3],"6":[3,0],"7":[1202,277],"8":[106,102],"9":[138,93],"10":[1,1],"11":[1,2],"12":[2,0],"13":[184,115],"14":[424,115],"15":[115,0],"16":[0,92],"17":[38,54],"18":[52,2],"19":[0,146],"20":[25,121],"21":[28,93],"22":[17,44],"23":[158,123]}}
}
