TN:
SF:/Users/justin.miller/private/matches/src/matches.gen.ts
FN:4,(anonymous_0)
FN:15,(anonymous_1)
FN:16,(anonymous_2)
FN:21,(anonymous_3)
FN:24,(anonymous_4)
FN:27,(anonymous_5)
FN:31,(anonymous_6)
FN:32,(anonymous_7)
FN:35,(anonymous_8)
FN:38,(anonymous_9)
FN:39,(anonymous_10)
FN:42,(anonymous_11)
FN:54,(anonymous_12)
FN:57,(anonymous_13)
FN:60,(anonymous_14)
FN:65,(anonymous_15)
FN:74,(anonymous_16)
FN:75,(anonymous_17)
FN:77,(anonymous_18)
FN:78,(anonymous_19)
FN:79,(anonymous_20)
FN:82,(anonymous_21)
FN:86,(anonymous_22)
FN:97,(anonymous_23)
FN:108,(anonymous_24)
FN:120,(anonymous_25)
FN:126,(anonymous_26)
FN:137,(anonymous_27)
FN:148,(anonymous_28)
FN:166,(anonymous_29)
FN:172,(anonymous_30)
FN:177,(anonymous_31)
FN:187,(anonymous_32)
FN:193,(anonymous_33)
FN:200,(anonymous_34)
FN:203,(anonymous_35)
FN:204,(anonymous_36)
FNF:37
FNH:35
FNDA:4488,(anonymous_0)
FNDA:380,(anonymous_1)
FNDA:380,(anonymous_2)
FNDA:434,(anonymous_3)
FNDA:467,(anonymous_4)
FNDA:438,(anonymous_5)
FNDA:0,(anonymous_6)
FNDA:383,(anonymous_7)
FNDA:400,(anonymous_8)
FNDA:373,(anonymous_9)
FNDA:365,(anonymous_10)
FNDA:403,(anonymous_11)
FNDA:219,(anonymous_12)
FNDA:219,(anonymous_13)
FNDA:1054,(anonymous_14)
FNDA:0,(anonymous_15)
FNDA:205,(anonymous_16)
FNDA:190,(anonymous_17)
FNDA:1033,(anonymous_18)
FNDA:1033,(anonymous_19)
FNDA:1033,(anonymous_20)
FNDA:203,(anonymous_21)
FNDA:1022,(anonymous_22)
FNDA:1022,(anonymous_23)
FNDA:1022,(anonymous_24)
FNDA:233,(anonymous_25)
FNDA:1118,(anonymous_26)
FNDA:1118,(anonymous_27)
FNDA:1118,(anonymous_28)
FNDA:866,(anonymous_29)
FNDA:200,(anonymous_30)
FNDA:44,(anonymous_31)
FNDA:866,(anonymous_32)
FNDA:184,(anonymous_33)
FNDA:156,(anonymous_34)
FNDA:764,(anonymous_35)
FNDA:156,(anonymous_36)
DA:1,1
DA:2,1
DA:4,1
DA:8,4488
DA:13,1
DA:15,380
DA:16,1
DA:17,380
DA:19,1
DA:21,434
DA:22,1
DA:24,467
DA:25,1
DA:28,438
DA:30,1
DA:32,383
DA:33,1
DA:35,400
DA:36,1
DA:38,373
DA:39,365
DA:40,1
DA:42,403
DA:43,1
DA:54,1
DA:55,219
DA:58,219
DA:60,1054
DA:65,1
DA:66,0
DA:67,0
DA:68,0
DA:70,0
DA:72,1
DA:74,205
DA:76,190
DA:77,1033
DA:78,1033
DA:79,1033
DA:82,1
DA:84,203
DA:90,1022
DA:91,1022
DA:96,203
DA:101,1022
DA:102,1022
DA:106,203
DA:109,1022
DA:110,1022
DA:116,203
DA:118,1
DA:124,233
DA:130,1118
DA:131,1118
DA:136,233
DA:141,1118
DA:142,1118
DA:146,233
DA:149,1118
DA:150,1118
DA:156,233
DA:158,1
DA:166,1
DA:168,866
DA:172,1
DA:173,200
DA:174,200
DA:177,44
DA:183,200
DA:184,16
DA:186,184
DA:188,866
DA:189,866
DA:193,184
DA:194,184
DA:195,28
DA:197,156
DA:201,156
DA:204,764
LF:79
LH:75
BRDA:183,0,0,16
BRDA:183,0,1,184
BRDA:194,1,0,28
BRDA:194,1,1,156
BRF:4
BRH:4
end_of_record
TN:
SF:/Users/justin.miller/private/matches/src/matches.ts
FN:3,(anonymous_0)
FN:6,(anonymous_1)
FN:7,(anonymous_2)
FN:24,unsafeMatchThrow
FN:25,(anonymous_4)
FN:28,(anonymous_5)
FN:31,(anonymous_6)
FN:50,refinementMatch
FN:55,(anonymous_8)
FN:57,(anonymous_9)
FN:65,toValidator
FN:76,shapeMatch
FN:85,(anonymous_12)
FN:91,(anonymous_13)
FN:94,(anonymous_14)
FN:127,guard
FN:131,(anonymous_16)
FN:139,(anonymous_17)
FN:141,literal
FN:145,(anonymous_19)
FN:151,(anonymous_20)
FN:158,(anonymous_21)
FN:163,(anonymous_22)
FN:168,(anonymous_23)
FN:176,(anonymous_24)
FN:177,(anonymous_25)
FN:204,some
FN:205,(anonymous_27)
FN:208,(anonymous_28)
FN:249,every
FN:250,(anonymous_30)
FN:253,(anonymous_31)
FN:270,(anonymous_32)
FN:273,(anonymous_33)
FN:286,(anonymous_34)
FN:296,(anonymous_35)
FN:304,(anonymous_36)
FN:307,(anonymous_37)
FN:315,(anonymous_38)
FN:327,refinementMatchEither
FN:331,(anonymous_40)
FN:332,(anonymous_41)
FN:336,(anonymous_42)
FN:350,tuple
FN:361,arrayOf
FN:362,(anonymous_45)
FN:364,(anonymous_46)
FN:365,(anonymous_47)
FN:368,(anonymous_48)
FN:369,(anonymous_49)
FN:373,(anonymous_50)
FN:391,(anonymous_51)
FN:392,(anonymous_52)
FN:398,(anonymous_53)
FN:401,(anonymous_54)
FN:408,(anonymous_55)
FN:410,(anonymous_56)
FN:423,(anonymous_57)
FN:427,(anonymous_58)
FN:443,matchesFn
FNF:60
FNH:54
FNDA:562,(anonymous_0)
FNDA:85,(anonymous_1)
FNDA:229,(anonymous_2)
FNDA:2141,unsafeMatchThrow
FNDA:100,(anonymous_4)
FNDA:0,(anonymous_5)
FNDA:100,(anonymous_6)
FNDA:2,refinementMatch
FNDA:120,(anonymous_8)
FNDA:107,(anonymous_9)
FNDA:2141,toValidator
FNDA:238,shapeMatch
FNDA:1099,(anonymous_12)
FNDA:73,(anonymous_13)
FNDA:645,(anonymous_14)
FNDA:648,guard
FNDA:1479,(anonymous_16)
FNDA:99,(anonymous_17)
FNDA:638,literal
FNDA:183,(anonymous_19)
FNDA:2,(anonymous_20)
FNDA:106,(anonymous_21)
FNDA:85,(anonymous_22)
FNDA:138,(anonymous_23)
FNDA:129,(anonymous_24)
FNDA:129,(anonymous_25)
FNDA:2,some
FNDA:2,(anonymous_27)
FNDA:3,(anonymous_28)
FNDA:636,every
FNDA:299,(anonymous_30)
FNDA:539,(anonymous_31)
FNDA:234,(anonymous_32)
FNDA:92,(anonymous_33)
FNDA:2,(anonymous_34)
FNDA:234,(anonymous_35)
FNDA:400,(anonymous_36)
FNDA:146,(anonymous_37)
FNDA:71,(anonymous_38)
FNDA:0,refinementMatchEither
FNDA:0,(anonymous_40)
FNDA:0,(anonymous_41)
FNDA:208,(anonymous_42)
FNDA:192,tuple
FNDA:219,arrayOf
FNDA:89,(anonymous_45)
FNDA:61,(anonymous_46)
FNDA:61,(anonymous_47)
FNDA:249,(anonymous_48)
FNDA:249,(anonymous_49)
FNDA:75,(anonymous_50)
FNDA:158,(anonymous_51)
FNDA:487,(anonymous_52)
FNDA:158,(anonymous_53)
FNDA:0,(anonymous_54)
FNDA:204,(anonymous_55)
FNDA:281,(anonymous_56)
FNDA:46,(anonymous_57)
FNDA:0,(anonymous_58)
FNDA:204,matchesFn
DA:1,1
DA:3,1
DA:4,562
DA:6,85
DA:7,229
DA:24,1
DA:25,2141
DA:26,100
DA:27,100
DA:29,0
DA:31,100
DA:34,2141
DA:50,1
DA:55,2
DA:56,120
DA:58,107
DA:62,2
DA:68,2141
DA:71,2
DA:80,238
DA:86,1099
DA:87,1099
DA:88,1099
DA:90,718
DA:92,73
DA:95,645
DA:99,381
DA:101,1099
DA:127,1
DA:131,648
DA:132,1479
DA:136,648
DA:139,99
DA:141,1
DA:144,638
DA:145,183
DA:150,1
DA:151,2
DA:155,1
DA:157,1
DA:158,106
DA:162,1
DA:163,85
DA:167,1
DA:168,138
DA:172,1
DA:174,1
DA:176,129
DA:177,129
DA:204,1
DA:205,2
DA:206,2
DA:207,2
DA:209,3
DA:210,3
DA:211,1
DA:213,2
DA:214,2
DA:216,2
DA:219,1
DA:221,1
DA:223,2
DA:249,1
DA:250,636
DA:251,299
DA:252,299
DA:254,539
DA:255,539
DA:256,424
DA:258,115
DA:259,115
DA:261,115
DA:264,184
DA:266,115
DA:268,636
DA:270,1
DA:273,234
DA:274,92
DA:275,0
DA:277,92
DA:278,92
DA:279,38
DA:281,54
DA:282,52
DA:284,2
DA:286,2
DA:290,234
DA:296,1
DA:298,234
DA:304,1
DA:307,400
DA:308,146
DA:309,0
DA:311,146
DA:312,146
DA:313,25
DA:315,71
DA:319,121
DA:320,28
DA:322,93
DA:324,400
DA:327,1
DA:331,0
DA:332,0
DA:333,0
DA:336,1
DA:338,208
DA:350,1
DA:351,192
DA:361,1
DA:362,219
DA:363,89
DA:364,61
DA:366,61
DA:368,249
DA:369,249
DA:370,61
DA:371,17
DA:373,75
DA:377,44
DA:391,158
DA:396,487
DA:399,158
DA:402,0
DA:408,204
DA:414,281
DA:415,281
DA:416,158
DA:420,123
DA:424,46
DA:428,0
DA:442,1
DA:444,204
DA:466,1
LF:134
LH:126
BRDA:4,0,0,562
BRDA:4,0,1,216
BRDA:53,1,0,0
BRDA:59,2,0,101
BRDA:59,2,1,6
BRDA:70,3,0,1
BRDA:88,4,0,718
BRDA:88,4,1,381
BRDA:129,5,0,3
BRDA:129,6,0,3
BRDA:129,6,1,0
BRDA:133,7,0,1202
BRDA:133,7,1,277
BRDA:158,8,0,106
BRDA:158,8,1,102
BRDA:168,9,0,138
BRDA:168,9,1,93
BRDA:207,10,0,1
BRDA:207,10,1,1
BRDA:210,11,0,1
BRDA:210,11,1,2
BRDA:213,12,0,2
BRDA:213,12,1,0
BRDA:252,13,0,184
BRDA:252,13,1,115
BRDA:255,14,0,424
BRDA:255,14,1,115
BRDA:258,15,0,115
BRDA:258,15,1,0
BRDA:274,16,0,0
BRDA:274,16,1,92
BRDA:278,17,0,38
BRDA:278,17,1,54
BRDA:281,18,0,52
BRDA:281,18,1,2
BRDA:308,19,0,0
BRDA:308,19,1,146
BRDA:312,20,0,25
BRDA:312,20,1,121
BRDA:319,21,0,28
BRDA:319,21,1,93
BRDA:370,22,0,17
BRDA:370,22,1,44
BRDA:415,23,0,158
BRDA:415,23,1,123
BRF:45
BRH:39
end_of_record
